18:22:41 **** Incremental Build of configuration Debug for project Project2 ****
make all 
Building file: ../main.c
Invoking: AVR Compiler
avr-gcc -Wall -g2 -gstabs -O0 -fpack-struct -fshort-enums -ffunction-sections -fdata-sections -std=gnu99 -funsigned-char -funsigned-bitfields -mmcu=atmega16 -DF_CPU=1000000UL -MMD -MP -MF"main.d" -MT"main.o" -c -o "main.o" "../main.c"
In file included from ../micro_config.h:22,
                 from ../adc.h:16,
                 from ../motor.h:10,
                 from ../main.c:7:
c:/winavr-20100110/lib/gcc/../../avr/include/util/delay.h:90:3: warning: #warning "Compiler optimizations disabled; functions from <util/delay.h> won't work as designed"
Finished building: ../main.c
 
Building target: Project2.elf
Invoking: AVR C Linker
avr-gcc -Wl,-Map,Project2.map -mmcu=atmega16 -o "Project2.elf"  ./adc.o ./lcd.o ./main.o ./motor.o   
Finished building target: Project2.elf
 
Invoking: AVR Create Extended Listing
avr-objdump -h -S Project2.elf  >"Project2.lss"
Finished building: Project2.lss
 
Invoking: Print Size
avr-size --format=avr --mcu=atmega16 Project2.elf
AVR Memory Usage
----------------
Device: atmega16

Program:    6124 bytes (37.4% Full)
(.text + .data + .bootloader)

Data:         23 bytes (2.2% Full)
(.data + .bss + .noinit)


Finished building: sizedummy
 

18:22:43 Build Finished. 0 errors, 1 warnings. (took 2s.95ms)

